<?xml version="1.0" encoding="UTF-8"?>
<testng-results skipped="0" failed="4" ignored="0" total="10" passed="6">
  <reporter-output>
  </reporter-output>
  <suite name="Suite" duration-ms="94433" started-at="2020-06-07T03:30:38Z" finished-at="2020-06-07T03:32:12Z">
    <groups>
    </groups>
    <test name="Test" duration-ms="94433" started-at="2020-06-07T03:30:38Z" finished-at="2020-06-07T03:32:12Z">
      <class name="com.SmokeSuite.AlertPageTest">
        <test-method status="PASS" signature="Initliaze()[pri:0, instance:com.SmokeSuite.AlertPageTest@dd3b207]" name="Initliaze" is-config="true" duration-ms="5092" started-at="2020-06-07T03:31:11Z" finished-at="2020-06-07T03:31:16Z">
          <reporter-output>
          </reporter-output>
        </test-method> <!-- Initliaze -->
        <test-method status="FAIL" signature="testSimpleAlertButton()[pri:0, instance:com.SmokeSuite.AlertPageTest@dd3b207]" name="testSimpleAlertButton" duration-ms="970" started-at="2020-06-07T03:31:16Z" finished-at="2020-06-07T03:31:17Z">
          <exception class="org.openqa.selenium.UnhandledAlertException">
            <message>
              <![CDATA[unexpected alert open: {Alert text : You clicked a button}
  (Session info: chrome=83.0.4103.97): You clicked a button
Build info: version: '3.141.59', revision: 'e82be7d358', time: '2018-11-14T08:17:03'
System info: host: 'Abhijeets-MacBook-Pro.local', ip: 'fe80:0:0:0:82:f9f1:af1d:b813%en0', os.name: 'Mac OS X', os.arch: 'x86_64', os.version: '10.14.6', java.version: '1.8.0_131'
Driver info: org.openqa.selenium.chrome.ChromeDriver
Capabilities {acceptInsecureCerts: false, browserName: chrome, browserVersion: 83.0.4103.97, chrome: {chromedriverVersion: 83.0.4103.39 (ccbf011cb2d2b..., userDataDir: /var/folders/j6/gh6mwcmn7d9...}, goog:chromeOptions: {debuggerAddress: localhost:62637}, javascriptEnabled: true, networkConnectionEnabled: false, pageLoadStrategy: normal, platform: MAC, platformName: MAC, proxy: Proxy(), setWindowRect: true, strictFileInteractability: false, timeouts: {implicit: 0, pageLoad: 300000, script: 30000}, unhandledPromptBehavior: dismiss and notify, webauthn:virtualAuthenticators: true}
Session ID: 181a8d12431771499fb9093ed42fdad9]]>
            </message>
            <full-stacktrace>
              <![CDATA[org.openqa.selenium.UnhandledAlertException: unexpected alert open: {Alert text : You clicked a button}
  (Session info: chrome=83.0.4103.97): You clicked a button
Build info: version: '3.141.59', revision: 'e82be7d358', time: '2018-11-14T08:17:03'
System info: host: 'Abhijeets-MacBook-Pro.local', ip: 'fe80:0:0:0:82:f9f1:af1d:b813%en0', os.name: 'Mac OS X', os.arch: 'x86_64', os.version: '10.14.6', java.version: '1.8.0_131'
Driver info: org.openqa.selenium.chrome.ChromeDriver
Capabilities {acceptInsecureCerts: false, browserName: chrome, browserVersion: 83.0.4103.97, chrome: {chromedriverVersion: 83.0.4103.39 (ccbf011cb2d2b..., userDataDir: /var/folders/j6/gh6mwcmn7d9...}, goog:chromeOptions: {debuggerAddress: localhost:62637}, javascriptEnabled: true, networkConnectionEnabled: false, pageLoadStrategy: normal, platform: MAC, platformName: MAC, proxy: Proxy(), setWindowRect: true, strictFileInteractability: false, timeouts: {implicit: 0, pageLoad: 300000, script: 30000}, unhandledPromptBehavior: dismiss and notify, webauthn:virtualAuthenticators: true}
Session ID: 181a8d12431771499fb9093ed42fdad9
at org.openqa.selenium.remote.http.W3CHttpResponseCodec.decode(W3CHttpResponseCodec.java:120)
at org.openqa.selenium.remote.http.W3CHttpResponseCodec.decode(W3CHttpResponseCodec.java:49)
at org.openqa.selenium.remote.HttpCommandExecutor.execute(HttpCommandExecutor.java:158)
at org.openqa.selenium.remote.service.DriverCommandExecutor.execute(DriverCommandExecutor.java:83)
at org.openqa.selenium.remote.RemoteWebDriver.execute(RemoteWebDriver.java:552)
at org.openqa.selenium.remote.RemoteWebDriver.execute(RemoteWebDriver.java:609)
at org.openqa.selenium.remote.RemoteWebDriver.getScreenshotAs(RemoteWebDriver.java:295)
at com.Utility.CaptureScreen.captureScreenshot(CaptureScreen.java:22)
at com.Utility.Log.asserts(Log.java:43)
at com.SmokeSuite.AlertPageTest.testSimpleAlertButton(AlertPageTest.java:37)
at sun.reflect.NativeMethodAccessorImpl.invoke0(Native Method)
at sun.reflect.NativeMethodAccessorImpl.invoke(NativeMethodAccessorImpl.java:62)
at sun.reflect.DelegatingMethodAccessorImpl.invoke(DelegatingMethodAccessorImpl.java:43)
at java.lang.reflect.Method.invoke(Method.java:498)
at org.testng.internal.MethodInvocationHelper.invokeMethod(MethodInvocationHelper.java:124)
at org.testng.internal.Invoker.invokeMethod(Invoker.java:583)
at org.testng.internal.Invoker.invokeTestMethod(Invoker.java:719)
at org.testng.internal.Invoker.invokeTestMethods(Invoker.java:989)
at org.testng.internal.TestMethodWorker.invokeTestMethods(TestMethodWorker.java:125)
at org.testng.internal.TestMethodWorker.run(TestMethodWorker.java:109)
at org.testng.TestRunner.privateRun(TestRunner.java:648)
at org.testng.TestRunner.run(TestRunner.java:505)
at org.testng.SuiteRunner.runTest(SuiteRunner.java:455)
at org.testng.SuiteRunner.runSequentially(SuiteRunner.java:450)
at org.testng.SuiteRunner.privateRun(SuiteRunner.java:415)
at org.testng.SuiteRunner.run(SuiteRunner.java:364)
at org.testng.SuiteRunnerWorker.runSuite(SuiteRunnerWorker.java:52)
at org.testng.SuiteRunnerWorker.run(SuiteRunnerWorker.java:84)
at org.testng.TestNG.runSuitesSequentially(TestNG.java:1208)
at org.testng.TestNG.runSuitesLocally(TestNG.java:1137)
at org.testng.TestNG.runSuites(TestNG.java:1049)
at org.testng.TestNG.run(TestNG.java:1017)
at org.testng.remote.AbstractRemoteTestNG.run(AbstractRemoteTestNG.java:114)
at org.testng.remote.RemoteTestNG.initAndRun(RemoteTestNG.java:251)
at org.testng.remote.RemoteTestNG.main(RemoteTestNG.java:77)
]]>
            </full-stacktrace>
          </exception> <!-- org.openqa.selenium.UnhandledAlertException -->
          <reporter-output>
          </reporter-output>
        </test-method> <!-- testSimpleAlertButton -->
        <test-method status="PASS" signature="tearDown()[pri:0, instance:com.SmokeSuite.AlertPageTest@dd3b207]" name="tearDown" is-config="true" duration-ms="86" started-at="2020-06-07T03:31:17Z" finished-at="2020-06-07T03:31:17Z">
          <reporter-output>
          </reporter-output>
        </test-method> <!-- tearDown -->
        <test-method status="PASS" signature="Initliaze()[pri:0, instance:com.SmokeSuite.AlertPageTest@dd3b207]" name="Initliaze" is-config="true" duration-ms="5441" started-at="2020-06-07T03:31:17Z" finished-at="2020-06-07T03:31:23Z">
          <reporter-output>
          </reporter-output>
        </test-method> <!-- Initliaze -->
        <test-method status="FAIL" signature="testSimpleAlertButtonPromt()[pri:0, instance:com.SmokeSuite.AlertPageTest@dd3b207]" name="testSimpleAlertButtonPromt" duration-ms="1049" started-at="2020-06-07T03:31:23Z" finished-at="2020-06-07T03:31:24Z">
          <exception class="org.openqa.selenium.UnhandledAlertException">
            <message>
              <![CDATA[unexpected alert open: {Alert text : Please enter your name}
  (Session info: chrome=83.0.4103.97): Please enter your name
Build info: version: '3.141.59', revision: 'e82be7d358', time: '2018-11-14T08:17:03'
System info: host: 'Abhijeets-MacBook-Pro.local', ip: 'fe80:0:0:0:82:f9f1:af1d:b813%en0', os.name: 'Mac OS X', os.arch: 'x86_64', os.version: '10.14.6', java.version: '1.8.0_131'
Driver info: org.openqa.selenium.chrome.ChromeDriver
Capabilities {acceptInsecureCerts: false, browserName: chrome, browserVersion: 83.0.4103.97, chrome: {chromedriverVersion: 83.0.4103.39 (ccbf011cb2d2b..., userDataDir: /var/folders/j6/gh6mwcmn7d9...}, goog:chromeOptions: {debuggerAddress: localhost:62681}, javascriptEnabled: true, networkConnectionEnabled: false, pageLoadStrategy: normal, platform: MAC, platformName: MAC, proxy: Proxy(), setWindowRect: true, strictFileInteractability: false, timeouts: {implicit: 0, pageLoad: 300000, script: 30000}, unhandledPromptBehavior: dismiss and notify, webauthn:virtualAuthenticators: true}
Session ID: ec3b59df3174d6f84e7901e9b372fd42]]>
            </message>
            <full-stacktrace>
              <![CDATA[org.openqa.selenium.UnhandledAlertException: unexpected alert open: {Alert text : Please enter your name}
  (Session info: chrome=83.0.4103.97): Please enter your name
Build info: version: '3.141.59', revision: 'e82be7d358', time: '2018-11-14T08:17:03'
System info: host: 'Abhijeets-MacBook-Pro.local', ip: 'fe80:0:0:0:82:f9f1:af1d:b813%en0', os.name: 'Mac OS X', os.arch: 'x86_64', os.version: '10.14.6', java.version: '1.8.0_131'
Driver info: org.openqa.selenium.chrome.ChromeDriver
Capabilities {acceptInsecureCerts: false, browserName: chrome, browserVersion: 83.0.4103.97, chrome: {chromedriverVersion: 83.0.4103.39 (ccbf011cb2d2b..., userDataDir: /var/folders/j6/gh6mwcmn7d9...}, goog:chromeOptions: {debuggerAddress: localhost:62681}, javascriptEnabled: true, networkConnectionEnabled: false, pageLoadStrategy: normal, platform: MAC, platformName: MAC, proxy: Proxy(), setWindowRect: true, strictFileInteractability: false, timeouts: {implicit: 0, pageLoad: 300000, script: 30000}, unhandledPromptBehavior: dismiss and notify, webauthn:virtualAuthenticators: true}
Session ID: ec3b59df3174d6f84e7901e9b372fd42
at org.openqa.selenium.remote.http.W3CHttpResponseCodec.decode(W3CHttpResponseCodec.java:120)
at org.openqa.selenium.remote.http.W3CHttpResponseCodec.decode(W3CHttpResponseCodec.java:49)
at org.openqa.selenium.remote.HttpCommandExecutor.execute(HttpCommandExecutor.java:158)
at org.openqa.selenium.remote.service.DriverCommandExecutor.execute(DriverCommandExecutor.java:83)
at org.openqa.selenium.remote.RemoteWebDriver.execute(RemoteWebDriver.java:552)
at org.openqa.selenium.remote.RemoteWebDriver.executeScript(RemoteWebDriver.java:489)
at com.Actions.Action.getDataSwtInAlertPrompt(Action.java:227)
at com.SmokeSuite.AlertPageTest.testSimpleAlertButtonPromt(AlertPageTest.java:69)
at sun.reflect.NativeMethodAccessorImpl.invoke0(Native Method)
at sun.reflect.NativeMethodAccessorImpl.invoke(NativeMethodAccessorImpl.java:62)
at sun.reflect.DelegatingMethodAccessorImpl.invoke(DelegatingMethodAccessorImpl.java:43)
at java.lang.reflect.Method.invoke(Method.java:498)
at org.testng.internal.MethodInvocationHelper.invokeMethod(MethodInvocationHelper.java:124)
at org.testng.internal.Invoker.invokeMethod(Invoker.java:583)
at org.testng.internal.Invoker.invokeTestMethod(Invoker.java:719)
at org.testng.internal.Invoker.invokeTestMethods(Invoker.java:989)
at org.testng.internal.TestMethodWorker.invokeTestMethods(TestMethodWorker.java:125)
at org.testng.internal.TestMethodWorker.run(TestMethodWorker.java:109)
at org.testng.TestRunner.privateRun(TestRunner.java:648)
at org.testng.TestRunner.run(TestRunner.java:505)
at org.testng.SuiteRunner.runTest(SuiteRunner.java:455)
at org.testng.SuiteRunner.runSequentially(SuiteRunner.java:450)
at org.testng.SuiteRunner.privateRun(SuiteRunner.java:415)
at org.testng.SuiteRunner.run(SuiteRunner.java:364)
at org.testng.SuiteRunnerWorker.runSuite(SuiteRunnerWorker.java:52)
at org.testng.SuiteRunnerWorker.run(SuiteRunnerWorker.java:84)
at org.testng.TestNG.runSuitesSequentially(TestNG.java:1208)
at org.testng.TestNG.runSuitesLocally(TestNG.java:1137)
at org.testng.TestNG.runSuites(TestNG.java:1049)
at org.testng.TestNG.run(TestNG.java:1017)
at org.testng.remote.AbstractRemoteTestNG.run(AbstractRemoteTestNG.java:114)
at org.testng.remote.RemoteTestNG.initAndRun(RemoteTestNG.java:251)
at org.testng.remote.RemoteTestNG.main(RemoteTestNG.java:77)
]]>
            </full-stacktrace>
          </exception> <!-- org.openqa.selenium.UnhandledAlertException -->
          <reporter-output>
          </reporter-output>
        </test-method> <!-- testSimpleAlertButtonPromt -->
        <test-method status="PASS" signature="tearDown()[pri:0, instance:com.SmokeSuite.AlertPageTest@dd3b207]" name="tearDown" is-config="true" duration-ms="90" started-at="2020-06-07T03:31:24Z" finished-at="2020-06-07T03:31:24Z">
          <reporter-output>
          </reporter-output>
        </test-method> <!-- tearDown -->
        <test-method status="PASS" signature="Initliaze()[pri:0, instance:com.SmokeSuite.AlertPageTest@dd3b207]" name="Initliaze" is-config="true" duration-ms="3777" started-at="2020-06-07T03:31:24Z" finished-at="2020-06-07T03:31:28Z">
          <reporter-output>
          </reporter-output>
        </test-method> <!-- Initliaze -->
        <test-method status="FAIL" signature="testSimpleAlertButtonTimer()[pri:0, instance:com.SmokeSuite.AlertPageTest@dd3b207]" name="testSimpleAlertButtonTimer" duration-ms="6006" started-at="2020-06-07T03:31:28Z" finished-at="2020-06-07T03:31:34Z">
          <exception class="org.openqa.selenium.UnhandledAlertException">
            <message>
              <![CDATA[unexpected alert open: {Alert text : This alert appeared after 5 seconds}
  (Session info: chrome=83.0.4103.97): This alert appeared after 5 seconds
Build info: version: '3.141.59', revision: 'e82be7d358', time: '2018-11-14T08:17:03'
System info: host: 'Abhijeets-MacBook-Pro.local', ip: 'fe80:0:0:0:82:f9f1:af1d:b813%en0', os.name: 'Mac OS X', os.arch: 'x86_64', os.version: '10.14.6', java.version: '1.8.0_131'
Driver info: org.openqa.selenium.chrome.ChromeDriver
Capabilities {acceptInsecureCerts: false, browserName: chrome, browserVersion: 83.0.4103.97, chrome: {chromedriverVersion: 83.0.4103.39 (ccbf011cb2d2b..., userDataDir: /var/folders/j6/gh6mwcmn7d9...}, goog:chromeOptions: {debuggerAddress: localhost:62730}, javascriptEnabled: true, networkConnectionEnabled: false, pageLoadStrategy: normal, platform: MAC, platformName: MAC, proxy: Proxy(), setWindowRect: true, strictFileInteractability: false, timeouts: {implicit: 0, pageLoad: 300000, script: 30000}, unhandledPromptBehavior: dismiss and notify, webauthn:virtualAuthenticators: true}
Session ID: 6d3ce6b05aa72ebf23b7396ee603259a]]>
            </message>
            <full-stacktrace>
              <![CDATA[org.openqa.selenium.UnhandledAlertException: unexpected alert open: {Alert text : This alert appeared after 5 seconds}
  (Session info: chrome=83.0.4103.97): This alert appeared after 5 seconds
Build info: version: '3.141.59', revision: 'e82be7d358', time: '2018-11-14T08:17:03'
System info: host: 'Abhijeets-MacBook-Pro.local', ip: 'fe80:0:0:0:82:f9f1:af1d:b813%en0', os.name: 'Mac OS X', os.arch: 'x86_64', os.version: '10.14.6', java.version: '1.8.0_131'
Driver info: org.openqa.selenium.chrome.ChromeDriver
Capabilities {acceptInsecureCerts: false, browserName: chrome, browserVersion: 83.0.4103.97, chrome: {chromedriverVersion: 83.0.4103.39 (ccbf011cb2d2b..., userDataDir: /var/folders/j6/gh6mwcmn7d9...}, goog:chromeOptions: {debuggerAddress: localhost:62730}, javascriptEnabled: true, networkConnectionEnabled: false, pageLoadStrategy: normal, platform: MAC, platformName: MAC, proxy: Proxy(), setWindowRect: true, strictFileInteractability: false, timeouts: {implicit: 0, pageLoad: 300000, script: 30000}, unhandledPromptBehavior: dismiss and notify, webauthn:virtualAuthenticators: true}
Session ID: 6d3ce6b05aa72ebf23b7396ee603259a
at org.openqa.selenium.remote.http.W3CHttpResponseCodec.decode(W3CHttpResponseCodec.java:120)
at org.openqa.selenium.remote.http.W3CHttpResponseCodec.decode(W3CHttpResponseCodec.java:49)
at org.openqa.selenium.remote.HttpCommandExecutor.execute(HttpCommandExecutor.java:158)
at org.openqa.selenium.remote.service.DriverCommandExecutor.execute(DriverCommandExecutor.java:83)
at org.openqa.selenium.remote.RemoteWebDriver.execute(RemoteWebDriver.java:552)
at org.openqa.selenium.remote.RemoteWebDriver.execute(RemoteWebDriver.java:609)
at org.openqa.selenium.remote.RemoteWebDriver.getScreenshotAs(RemoteWebDriver.java:295)
at com.Utility.CaptureScreen.captureScreenshot(CaptureScreen.java:22)
at com.Utility.Log.asserts(Log.java:43)
at com.SmokeSuite.AlertPageTest.testSimpleAlertButtonTimer(AlertPageTest.java:51)
at sun.reflect.NativeMethodAccessorImpl.invoke0(Native Method)
at sun.reflect.NativeMethodAccessorImpl.invoke(NativeMethodAccessorImpl.java:62)
at sun.reflect.DelegatingMethodAccessorImpl.invoke(DelegatingMethodAccessorImpl.java:43)
at java.lang.reflect.Method.invoke(Method.java:498)
at org.testng.internal.MethodInvocationHelper.invokeMethod(MethodInvocationHelper.java:124)
at org.testng.internal.Invoker.invokeMethod(Invoker.java:583)
at org.testng.internal.Invoker.invokeTestMethod(Invoker.java:719)
at org.testng.internal.Invoker.invokeTestMethods(Invoker.java:989)
at org.testng.internal.TestMethodWorker.invokeTestMethods(TestMethodWorker.java:125)
at org.testng.internal.TestMethodWorker.run(TestMethodWorker.java:109)
at org.testng.TestRunner.privateRun(TestRunner.java:648)
at org.testng.TestRunner.run(TestRunner.java:505)
at org.testng.SuiteRunner.runTest(SuiteRunner.java:455)
at org.testng.SuiteRunner.runSequentially(SuiteRunner.java:450)
at org.testng.SuiteRunner.privateRun(SuiteRunner.java:415)
at org.testng.SuiteRunner.run(SuiteRunner.java:364)
at org.testng.SuiteRunnerWorker.runSuite(SuiteRunnerWorker.java:52)
at org.testng.SuiteRunnerWorker.run(SuiteRunnerWorker.java:84)
at org.testng.TestNG.runSuitesSequentially(TestNG.java:1208)
at org.testng.TestNG.runSuitesLocally(TestNG.java:1137)
at org.testng.TestNG.runSuites(TestNG.java:1049)
at org.testng.TestNG.run(TestNG.java:1017)
at org.testng.remote.AbstractRemoteTestNG.run(AbstractRemoteTestNG.java:114)
at org.testng.remote.RemoteTestNG.initAndRun(RemoteTestNG.java:251)
at org.testng.remote.RemoteTestNG.main(RemoteTestNG.java:77)
]]>
            </full-stacktrace>
          </exception> <!-- org.openqa.selenium.UnhandledAlertException -->
          <reporter-output>
          </reporter-output>
        </test-method> <!-- testSimpleAlertButtonTimer -->
        <test-method status="PASS" signature="tearDown()[pri:0, instance:com.SmokeSuite.AlertPageTest@dd3b207]" name="tearDown" is-config="true" duration-ms="90" started-at="2020-06-07T03:31:34Z" finished-at="2020-06-07T03:31:34Z">
          <reporter-output>
          </reporter-output>
        </test-method> <!-- tearDown -->
        <test-method status="PASS" signature="Initliaze()[pri:0, instance:com.SmokeSuite.AlertPageTest@dd3b207]" name="Initliaze" is-config="true" duration-ms="4347" started-at="2020-06-07T03:31:34Z" finished-at="2020-06-07T03:31:38Z">
          <reporter-output>
          </reporter-output>
        </test-method> <!-- Initliaze -->
        <test-method status="PASS" signature="testnewTabInBrowserWindows()[pri:0, instance:com.SmokeSuite.AlertPageTest@dd3b207]" name="testnewTabInBrowserWindows" duration-ms="2156" started-at="2020-06-07T03:31:38Z" finished-at="2020-06-07T03:31:40Z">
          <reporter-output>
          </reporter-output>
        </test-method> <!-- testnewTabInBrowserWindows -->
        <test-method status="PASS" signature="tearDown()[pri:0, instance:com.SmokeSuite.AlertPageTest@dd3b207]" name="tearDown" is-config="true" duration-ms="89" started-at="2020-06-07T03:31:41Z" finished-at="2020-06-07T03:31:41Z">
          <reporter-output>
          </reporter-output>
        </test-method> <!-- tearDown -->
        <test-method status="PASS" signature="Initliaze()[pri:0, instance:com.SmokeSuite.AlertPageTest@dd3b207]" name="Initliaze" is-config="true" duration-ms="11273" started-at="2020-06-07T03:31:41Z" finished-at="2020-06-07T03:31:52Z">
          <reporter-output>
          </reporter-output>
        </test-method> <!-- Initliaze -->
        <test-method status="PASS" signature="testnewWindowInBrowserWindows()[pri:0, instance:com.SmokeSuite.AlertPageTest@dd3b207]" name="testnewWindowInBrowserWindows" duration-ms="2116" started-at="2020-06-07T03:31:52Z" finished-at="2020-06-07T03:31:54Z">
          <reporter-output>
          </reporter-output>
        </test-method> <!-- testnewWindowInBrowserWindows -->
        <test-method status="PASS" signature="tearDown()[pri:0, instance:com.SmokeSuite.AlertPageTest@dd3b207]" name="tearDown" is-config="true" duration-ms="91" started-at="2020-06-07T03:31:55Z" finished-at="2020-06-07T03:31:55Z">
          <reporter-output>
          </reporter-output>
        </test-method> <!-- tearDown -->
        <test-method status="PASS" signature="Initliaze()[pri:0, instance:com.SmokeSuite.AlertPageTest@dd3b207]" name="Initliaze" is-config="true" duration-ms="5203" started-at="2020-06-07T03:31:55Z" finished-at="2020-06-07T03:32:00Z">
          <reporter-output>
          </reporter-output>
        </test-method> <!-- Initliaze -->
        <test-method status="PASS" signature="testnewWindowMessageInBrowserWindows()[pri:0, instance:com.SmokeSuite.AlertPageTest@dd3b207]" name="testnewWindowMessageInBrowserWindows" duration-ms="1453" started-at="2020-06-07T03:32:00Z" finished-at="2020-06-07T03:32:01Z">
          <reporter-output>
          </reporter-output>
        </test-method> <!-- testnewWindowMessageInBrowserWindows -->
        <test-method status="PASS" signature="tearDown()[pri:0, instance:com.SmokeSuite.AlertPageTest@dd3b207]" name="tearDown" is-config="true" duration-ms="85" started-at="2020-06-07T03:32:02Z" finished-at="2020-06-07T03:32:02Z">
          <reporter-output>
          </reporter-output>
        </test-method> <!-- tearDown -->
      </class> <!-- com.SmokeSuite.AlertPageTest -->
      <class name="com.SmokeSuite.WidgetPageTest">
        <test-method status="PASS" signature="Initliaze()[pri:0, instance:com.SmokeSuite.WidgetPageTest@78a2da20]" name="Initliaze" is-config="true" duration-ms="6646" started-at="2020-06-07T03:30:51Z" finished-at="2020-06-07T03:30:58Z">
          <reporter-output>
          </reporter-output>
        </test-method> <!-- Initliaze -->
        <test-method status="FAIL" signature="changeProgressBar()[pri:0, instance:com.SmokeSuite.WidgetPageTest@78a2da20]" name="changeProgressBar" duration-ms="2637" started-at="2020-06-07T03:30:58Z" finished-at="2020-06-07T03:31:00Z">
          <exception class="java.lang.AssertionError">
            <message>
              <![CDATA[expected [0] but found [5]]]>
            </message>
            <full-stacktrace>
              <![CDATA[java.lang.AssertionError: expected [0] but found [5]
at org.testng.Assert.fail(Assert.java:96)
at org.testng.Assert.failNotEquals(Assert.java:776)
at org.testng.Assert.assertEqualsImpl(Assert.java:137)
at org.testng.Assert.assertEquals(Assert.java:118)
at org.testng.Assert.assertEquals(Assert.java:453)
at org.testng.Assert.assertEquals(Assert.java:463)
at com.Utility.Log.asserts(Log.java:45)
at com.SmokeSuite.WidgetPageTest.changeProgressBar(WidgetPageTest.java:49)
at sun.reflect.NativeMethodAccessorImpl.invoke0(Native Method)
at sun.reflect.NativeMethodAccessorImpl.invoke(NativeMethodAccessorImpl.java:62)
at sun.reflect.DelegatingMethodAccessorImpl.invoke(DelegatingMethodAccessorImpl.java:43)
at java.lang.reflect.Method.invoke(Method.java:498)
at org.testng.internal.MethodInvocationHelper.invokeMethod(MethodInvocationHelper.java:124)
at org.testng.internal.Invoker.invokeMethod(Invoker.java:583)
at org.testng.internal.Invoker.invokeTestMethod(Invoker.java:719)
at org.testng.internal.Invoker.invokeTestMethods(Invoker.java:989)
at org.testng.internal.TestMethodWorker.invokeTestMethods(TestMethodWorker.java:125)
at org.testng.internal.TestMethodWorker.run(TestMethodWorker.java:109)
at org.testng.TestRunner.privateRun(TestRunner.java:648)
at org.testng.TestRunner.run(TestRunner.java:505)
at org.testng.SuiteRunner.runTest(SuiteRunner.java:455)
at org.testng.SuiteRunner.runSequentially(SuiteRunner.java:450)
at org.testng.SuiteRunner.privateRun(SuiteRunner.java:415)
at org.testng.SuiteRunner.run(SuiteRunner.java:364)
at org.testng.SuiteRunnerWorker.runSuite(SuiteRunnerWorker.java:52)
at org.testng.SuiteRunnerWorker.run(SuiteRunnerWorker.java:84)
at org.testng.TestNG.runSuitesSequentially(TestNG.java:1208)
at org.testng.TestNG.runSuitesLocally(TestNG.java:1137)
at org.testng.TestNG.runSuites(TestNG.java:1049)
at org.testng.TestNG.run(TestNG.java:1017)
at org.testng.remote.AbstractRemoteTestNG.run(AbstractRemoteTestNG.java:114)
at org.testng.remote.RemoteTestNG.initAndRun(RemoteTestNG.java:251)
at org.testng.remote.RemoteTestNG.main(RemoteTestNG.java:77)
]]>
            </full-stacktrace>
          </exception> <!-- java.lang.AssertionError -->
          <reporter-output>
          </reporter-output>
        </test-method> <!-- changeProgressBar -->
        <test-method status="PASS" signature="tearDown()[pri:0, instance:com.SmokeSuite.WidgetPageTest@78a2da20]" name="tearDown" is-config="true" duration-ms="91" started-at="2020-06-07T03:31:00Z" finished-at="2020-06-07T03:31:00Z">
          <reporter-output>
          </reporter-output>
        </test-method> <!-- tearDown -->
        <test-method status="PASS" signature="Initliaze()[pri:0, instance:com.SmokeSuite.WidgetPageTest@78a2da20]" name="Initliaze" is-config="true" duration-ms="5509" started-at="2020-06-07T03:31:00Z" finished-at="2020-06-07T03:31:06Z">
          <reporter-output>
          </reporter-output>
        </test-method> <!-- Initliaze -->
        <test-method status="PASS" signature="changeSlider()[pri:0, instance:com.SmokeSuite.WidgetPageTest@78a2da20]" name="changeSlider" duration-ms="4665" started-at="2020-06-07T03:31:06Z" finished-at="2020-06-07T03:31:11Z">
          <reporter-output>
          </reporter-output>
        </test-method> <!-- changeSlider -->
        <test-method status="PASS" signature="tearDown()[pri:0, instance:com.SmokeSuite.WidgetPageTest@78a2da20]" name="tearDown" is-config="true" duration-ms="89" started-at="2020-06-07T03:31:11Z" finished-at="2020-06-07T03:31:11Z">
          <reporter-output>
          </reporter-output>
        </test-method> <!-- tearDown -->
      </class> <!-- com.SmokeSuite.WidgetPageTest -->
      <class name="com.SmokeSuite.HomePageTest">
        <test-method status="PASS" signature="Initliaze()[pri:0, instance:com.SmokeSuite.HomePageTest@23a5fd2]" name="Initliaze" is-config="true" duration-ms="9312" started-at="2020-06-07T03:30:38Z" finished-at="2020-06-07T03:30:47Z">
          <reporter-output>
          </reporter-output>
        </test-method> <!-- Initliaze -->
        <test-method status="PASS" signature="practiceFormTest()[pri:0, instance:com.SmokeSuite.HomePageTest@23a5fd2]" name="practiceFormTest" duration-ms="3575" started-at="2020-06-07T03:30:47Z" finished-at="2020-06-07T03:30:51Z">
          <reporter-output>
          </reporter-output>
        </test-method> <!-- practiceFormTest -->
        <test-method status="PASS" signature="tearDown()[pri:0, instance:com.SmokeSuite.HomePageTest@23a5fd2]" name="tearDown" is-config="true" duration-ms="92" started-at="2020-06-07T03:30:51Z" finished-at="2020-06-07T03:30:51Z">
          <reporter-output>
          </reporter-output>
        </test-method> <!-- tearDown -->
      </class> <!-- com.SmokeSuite.HomePageTest -->
      <class name="com.SmokeSuite.ElementsPageTest">
        <test-method status="PASS" signature="Initliaze()[pri:0, instance:com.SmokeSuite.ElementsPageTest@551bdc27]" name="Initliaze" is-config="true" duration-ms="6724" started-at="2020-06-07T03:32:02Z" finished-at="2020-06-07T03:32:09Z">
          <reporter-output>
          </reporter-output>
        </test-method> <!-- Initliaze -->
        <test-method status="PASS" signature="selectOfficeCheckBox()[pri:0, instance:com.SmokeSuite.ElementsPageTest@551bdc27]" name="selectOfficeCheckBox" duration-ms="2760" started-at="2020-06-07T03:32:09Z" finished-at="2020-06-07T03:32:11Z">
          <reporter-output>
          </reporter-output>
        </test-method> <!-- selectOfficeCheckBox -->
        <test-method status="PASS" signature="tearDown()[pri:0, instance:com.SmokeSuite.ElementsPageTest@551bdc27]" name="tearDown" is-config="true" duration-ms="94" started-at="2020-06-07T03:32:12Z" finished-at="2020-06-07T03:32:12Z">
          <reporter-output>
          </reporter-output>
        </test-method> <!-- tearDown -->
      </class> <!-- com.SmokeSuite.ElementsPageTest -->
    </test> <!-- Test -->
  </suite> <!-- Suite -->
</testng-results>
