<?xml version="1.0" encoding="UTF-8"?>
<!-- Generated by org.testng.reporters.JUnitXMLReporter -->
<testsuite hostname="Abhijeets-MacBook-Pro.local" ignored="0" name="Test" tests="4" failures="1" timestamp="19 May 2020 07:30:29 GMT" time="25.73" errors="0">
  <testcase name="performDragandDrop" time="1.778" classname="com.SmokeSuite.HomePageTest"/>
  <testcase name="performSortingDescending" time="1.857" classname="com.SmokeSuite.HomePageTest"/>
  <testcase name="someFailedTestCase" time="1.607" classname="com.SmokeSuite.HomePageTest">
    <failure type="java.lang.AssertionError" message="expected [false] but found [true]">
      <![CDATA[java.lang.AssertionError: expected [false] but found [true]
at com.SmokeSuite.HomePageTest.someFailedTestCase(HomePageTest.java:84)
... Removed 31 stack frames]]>
    </failure>
  </testcase> <!-- someFailedTestCase -->
  <testcase name="resizeTheBox" time="2.509" classname="com.SmokeSuite.HomePageTest"/>
</testsuite> <!-- Test -->
